Process Backgrounded
2018/12/03-18:10:35 Starman::Server (type Net::Server::PreFork) starting! pid(24272)
Resolved [*]:5000 to [0.0.0.0]:5000, IPv4
Binding to TCP port 5000 on host 0.0.0.0 with IPv4
Setting gid to "1001 1001 27 1001"
2018/12/03-18:11:43 Server closing!
Process Backgrounded
2018/12/03-18:12:04 Starman::Server (type Net::Server::PreFork) starting! pid(24317)
Resolved [*]:8080 to [0.0.0.0]:8080, IPv4
Binding to TCP port 8080 on host 0.0.0.0 with IPv4
Setting gid to "1001 1001 27 1001"
[pastey:24320] error @2018-12-03 18:42:19> Route exception: DBIx::Class::Storage::DBI::catch {...} (): DBI Connection failed: DBI connect('dbname=dbfile/pastey_bin.sqlite','',...) failed: unable to open database file at /home/avocado/perl5/lib/perl5/DBIx/Class/Storage/DBI.pm line 1517. at /icyavocado/pastey/bin/../lib/Pastey.pm line 51 in /usr/share/perl5/Dancer2/Core/App.pm l. 1473
[pastey:24318] error @2018-12-03 18:42:41> Route exception: DBIx::Class::Storage::DBI::catch {...} (): DBI Connection failed: DBI connect('dbname=dbfile/pastey_bin.sqlite','',...) failed: unable to open database file at /home/avocado/perl5/lib/perl5/DBIx/Class/Storage/DBI.pm line 1517. at /icyavocado/pastey/bin/../lib/Pastey.pm line 51 in /usr/share/perl5/Dancer2/Core/App.pm l. 1473
[pastey:24319] error @2018-12-03 18:42:54> Route exception: DBIx::Class::Storage::DBI::catch {...} (): DBI Connection failed: DBI connect('dbname=dbfile/pastey_bin.sqlite','',...) failed: unable to open database file at /home/avocado/perl5/lib/perl5/DBIx/Class/Storage/DBI.pm line 1517. at /icyavocado/pastey/bin/../lib/Pastey.pm line 33 in /usr/share/perl5/Dancer2/Core/App.pm l. 1473
[pastey:24318] error @2018-12-03 18:43:15> Route exception: DBIx::Class::Storage::DBI::catch {...} (): DBI Connection failed: DBI connect('dbname=dbfile/pastey_bin.sqlite','',...) failed: unable to open database file at /home/avocado/perl5/lib/perl5/DBIx/Class/Storage/DBI.pm line 1517. at /icyavocado/pastey/bin/../lib/Pastey.pm line 33 in /usr/share/perl5/Dancer2/Core/App.pm l. 1473
[pastey:24321] error @2018-12-03 18:43:15> Route exception: DBIx::Class::Storage::DBI::catch {...} (): DBI Connection failed: DBI connect('dbname=dbfile/pastey_bin.sqlite','',...) failed: unable to open database file at /home/avocado/perl5/lib/perl5/DBIx/Class/Storage/DBI.pm line 1517. at /icyavocado/pastey/bin/../lib/Pastey.pm line 33 in /usr/share/perl5/Dancer2/Core/App.pm l. 1473
[pastey:24319] error @2018-12-03 18:43:15> Route exception: DBIx::Class::Storage::DBI::catch {...} (): DBI Connection failed: DBI connect('dbname=dbfile/pastey_bin.sqlite','',...) failed: unable to open database file at /home/avocado/perl5/lib/perl5/DBIx/Class/Storage/DBI.pm line 1517. at /icyavocado/pastey/bin/../lib/Pastey.pm line 33 in /usr/share/perl5/Dancer2/Core/App.pm l. 1473
[pastey:24320] error @2018-12-03 18:43:15> Route exception: DBIx::Class::Storage::DBI::catch {...} (): DBI Connection failed: DBI connect('dbname=dbfile/pastey_bin.sqlite','',...) failed: unable to open database file at /home/avocado/perl5/lib/perl5/DBIx/Class/Storage/DBI.pm line 1517. at /icyavocado/pastey/bin/../lib/Pastey.pm line 33 in /usr/share/perl5/Dancer2/Core/App.pm l. 1473
[pastey:24322] error @2018-12-03 18:43:16> Route exception: DBIx::Class::Storage::DBI::catch {...} (): DBI Connection failed: DBI connect('dbname=dbfile/pastey_bin.sqlite','',...) failed: unable to open database file at /home/avocado/perl5/lib/perl5/DBIx/Class/Storage/DBI.pm line 1517. at /icyavocado/pastey/bin/../lib/Pastey.pm line 33 in /usr/share/perl5/Dancer2/Core/App.pm l. 1473
[pastey:24318] error @2018-12-03 18:43:17> Route exception: DBIx::Class::Storage::DBI::catch {...} (): DBI Connection failed: DBI connect('dbname=dbfile/pastey_bin.sqlite','',...) failed: unable to open database file at /home/avocado/perl5/lib/perl5/DBIx/Class/Storage/DBI.pm line 1517. at /icyavocado/pastey/bin/../lib/Pastey.pm line 33 in /usr/share/perl5/Dancer2/Core/App.pm l. 1473
[pastey:24321] error @2018-12-03 18:43:17> Route exception: DBIx::Class::Storage::DBI::catch {...} (): DBI Connection failed: DBI connect('dbname=dbfile/pastey_bin.sqlite','',...) failed: unable to open database file at /home/avocado/perl5/lib/perl5/DBIx/Class/Storage/DBI.pm line 1517. at /icyavocado/pastey/bin/../lib/Pastey.pm line 33 in /usr/share/perl5/Dancer2/Core/App.pm l. 1473
[pastey:24319] error @2018-12-03 18:43:18> Route exception: DBIx::Class::Storage::DBI::catch {...} (): DBI Connection failed: DBI connect('dbname=dbfile/pastey_bin.sqlite','',...) failed: unable to open database file at /home/avocado/perl5/lib/perl5/DBIx/Class/Storage/DBI.pm line 1517. at /icyavocado/pastey/bin/../lib/Pastey.pm line 33 in /usr/share/perl5/Dancer2/Core/App.pm l. 1473
[pastey:24318] error @2018-12-03 18:55:49> Route exception: DBIx::Class::Storage::DBI::catch {...} (): DBI Connection failed: DBI connect('dbname=dbfile/pastey_bin.sqlite','',...) failed: unable to open database file at /home/avocado/perl5/lib/perl5/DBIx/Class/Storage/DBI.pm line 1517. at /icyavocado/pastey/bin/../lib/Pastey.pm line 33 in /usr/share/perl5/Dancer2/Core/App.pm l. 1473
[pastey:24320] error @2018-12-03 18:58:32> Route exception: DBIx::Class::Storage::DBI::catch {...} (): DBI Connection failed: DBI connect('dbname=dbfile/pastey_bin.sqlite','',...) failed: unable to open database file at /home/avocado/perl5/lib/perl5/DBIx/Class/Storage/DBI.pm line 1517. at /icyavocado/pastey/bin/../lib/Pastey.pm line 33 in /usr/share/perl5/Dancer2/Core/App.pm l. 1473
[pastey:24321] error @2018-12-03 18:58:33> Route exception: DBIx::Class::Storage::DBI::catch {...} (): DBI Connection failed: DBI connect('dbname=dbfile/pastey_bin.sqlite','',...) failed: unable to open database file at /home/avocado/perl5/lib/perl5/DBIx/Class/Storage/DBI.pm line 1517. at /icyavocado/pastey/bin/../lib/Pastey.pm line 33 in /usr/share/perl5/Dancer2/Core/App.pm l. 1473
[pastey:24322] error @2018-12-03 18:58:33> Route exception: DBIx::Class::Storage::DBI::catch {...} (): DBI Connection failed: DBI connect('dbname=dbfile/pastey_bin.sqlite','',...) failed: unable to open database file at /home/avocado/perl5/lib/perl5/DBIx/Class/Storage/DBI.pm line 1517. at /icyavocado/pastey/bin/../lib/Pastey.pm line 33 in /usr/share/perl5/Dancer2/Core/App.pm l. 1473
[pastey:24319] error @2018-12-03 18:58:33> Route exception: DBIx::Class::Storage::DBI::catch {...} (): DBI Connection failed: DBI connect('dbname=dbfile/pastey_bin.sqlite','',...) failed: unable to open database file at /home/avocado/perl5/lib/perl5/DBIx/Class/Storage/DBI.pm line 1517. at /icyavocado/pastey/bin/../lib/Pastey.pm line 33 in /usr/share/perl5/Dancer2/Core/App.pm l. 1473
[pastey:24318] error @2018-12-03 18:58:34> Route exception: DBIx::Class::Storage::DBI::catch {...} (): DBI Connection failed: DBI connect('dbname=dbfile/pastey_bin.sqlite','',...) failed: unable to open database file at /home/avocado/perl5/lib/perl5/DBIx/Class/Storage/DBI.pm line 1517. at /icyavocado/pastey/bin/../lib/Pastey.pm line 33 in /usr/share/perl5/Dancer2/Core/App.pm l. 1473
[pastey:24320] error @2018-12-03 18:58:34> Route exception: DBIx::Class::Storage::DBI::catch {...} (): DBI Connection failed: DBI connect('dbname=dbfile/pastey_bin.sqlite','',...) failed: unable to open database file at /home/avocado/perl5/lib/perl5/DBIx/Class/Storage/DBI.pm line 1517. at /icyavocado/pastey/bin/../lib/Pastey.pm line 33 in /usr/share/perl5/Dancer2/Core/App.pm l. 1473
[pastey:24321] error @2018-12-03 18:58:36> Route exception: DBIx::Class::Storage::DBI::catch {...} (): DBI Connection failed: DBI connect('dbname=dbfile/pastey_bin.sqlite','',...) failed: unable to open database file at /home/avocado/perl5/lib/perl5/DBIx/Class/Storage/DBI.pm line 1517. at /icyavocado/pastey/bin/../lib/Pastey.pm line 33 in /usr/share/perl5/Dancer2/Core/App.pm l. 1473
[pastey:24322] error @2018-12-03 18:58:53> Route exception: DBIx::Class::Storage::DBI::catch {...} (): DBI Connection failed: DBI connect('dbname=dbfile/pastey_bin.sqlite','',...) failed: unable to open database file at /home/avocado/perl5/lib/perl5/DBIx/Class/Storage/DBI.pm line 1517. at /icyavocado/pastey/bin/../lib/Pastey.pm line 33 in /usr/share/perl5/Dancer2/Core/App.pm l. 1473
[pastey:24318] error @2018-12-03 18:58:57> Route exception: DBIx::Class::Storage::DBI::catch {...} (): DBI Connection failed: DBI connect('dbname=dbfile/pastey_bin.sqlite','',...) failed: unable to open database file at /home/avocado/perl5/lib/perl5/DBIx/Class/Storage/DBI.pm line 1517. at /icyavocado/pastey/bin/../lib/Pastey.pm line 33 in /usr/share/perl5/Dancer2/Core/App.pm l. 1473
[pastey:24320] error @2018-12-03 18:58:59> Route exception: DBIx::Class::Storage::DBI::catch {...} (): DBI Connection failed: DBI connect('dbname=dbfile/pastey_bin.sqlite','',...) failed: unable to open database file at /home/avocado/perl5/lib/perl5/DBIx/Class/Storage/DBI.pm line 1517. at /icyavocado/pastey/bin/../lib/Pastey.pm line 33 in /usr/share/perl5/Dancer2/Core/App.pm l. 1473
[pastey:24319] error @2018-12-03 18:59:03> Route exception: DBIx::Class::Storage::DBI::catch {...} (): DBI Connection failed: DBI connect('dbname=dbfile/pastey_bin.sqlite','',...) failed: unable to open database file at /home/avocado/perl5/lib/perl5/DBIx/Class/Storage/DBI.pm line 1517. at /icyavocado/pastey/bin/../lib/Pastey.pm line 71 in /usr/share/perl5/Dancer2/Core/App.pm l. 1473
[pastey:24318] error @2018-12-03 18:59:03> Route exception: DBIx::Class::Storage::DBI::catch {...} (): DBI Connection failed: DBI connect('dbname=dbfile/pastey_bin.sqlite','',...) failed: unable to open database file at /home/avocado/perl5/lib/perl5/DBIx/Class/Storage/DBI.pm line 1517. at /icyavocado/pastey/bin/../lib/Pastey.pm line 51 in /usr/share/perl5/Dancer2/Core/App.pm l. 1473
[pastey:24320] error @2018-12-03 18:59:04> Route exception: DBIx::Class::Storage::DBI::catch {...} (): DBI Connection failed: DBI connect('dbname=dbfile/pastey_bin.sqlite','',...) failed: unable to open database file at /home/avocado/perl5/lib/perl5/DBIx/Class/Storage/DBI.pm line 1517. at /icyavocado/pastey/bin/../lib/Pastey.pm line 92 in /usr/share/perl5/Dancer2/Core/App.pm l. 1473
[pastey:24321] error @2018-12-03 18:59:07> Route exception: DBIx::Class::Storage::DBI::catch {...} (): DBI Connection failed: DBI connect('dbname=dbfile/pastey_bin.sqlite','',...) failed: unable to open database file at /home/avocado/perl5/lib/perl5/DBIx/Class/Storage/DBI.pm line 1517. at /icyavocado/pastey/bin/../lib/Pastey.pm line 51 in /usr/share/perl5/Dancer2/Core/App.pm l. 1473
[pastey:24322] error @2018-12-03 18:59:09> Route exception: DBIx::Class::Storage::DBI::catch {...} (): DBI Connection failed: DBI connect('dbname=dbfile/pastey_bin.sqlite','',...) failed: unable to open database file at /home/avocado/perl5/lib/perl5/DBIx/Class/Storage/DBI.pm line 1517. at /icyavocado/pastey/bin/../lib/Pastey.pm line 51 in /usr/share/perl5/Dancer2/Core/App.pm l. 1473
[pastey:24321] error @2018-12-03 18:59:16> Route exception: DBIx::Class::Storage::DBI::catch {...} (): DBI Connection failed: DBI connect('dbname=dbfile/pastey_bin.sqlite','',...) failed: unable to open database file at /home/avocado/perl5/lib/perl5/DBIx/Class/Storage/DBI.pm line 1517. at /icyavocado/pastey/bin/../lib/Pastey.pm line 33 in /usr/share/perl5/Dancer2/Core/App.pm l. 1473
[pastey:24319] error @2018-12-03 18:59:17> Route exception: DBIx::Class::Storage::DBI::catch {...} (): DBI Connection failed: DBI connect('dbname=dbfile/pastey_bin.sqlite','',...) failed: unable to open database file at /home/avocado/perl5/lib/perl5/DBIx/Class/Storage/DBI.pm line 1517. at /icyavocado/pastey/bin/../lib/Pastey.pm line 33 in /usr/share/perl5/Dancer2/Core/App.pm l. 1473
[pastey:24322] error @2018-12-03 18:59:17> Route exception: DBIx::Class::Storage::DBI::catch {...} (): DBI Connection failed: DBI connect('dbname=dbfile/pastey_bin.sqlite','',...) failed: unable to open database file at /home/avocado/perl5/lib/perl5/DBIx/Class/Storage/DBI.pm line 1517. at /icyavocado/pastey/bin/../lib/Pastey.pm line 33 in /usr/share/perl5/Dancer2/Core/App.pm l. 1473
[pastey:24318] error @2018-12-03 18:59:19> Route exception: DBIx::Class::Storage::DBI::catch {...} (): DBI Connection failed: DBI connect('dbname=dbfile/pastey_bin.sqlite','',...) failed: unable to open database file at /home/avocado/perl5/lib/perl5/DBIx/Class/Storage/DBI.pm line 1517. at /icyavocado/pastey/bin/../lib/Pastey.pm line 33 in /usr/share/perl5/Dancer2/Core/App.pm l. 1473
[pastey:24320] error @2018-12-03 18:59:19> Route exception: DBIx::Class::Storage::DBI::catch {...} (): DBI Connection failed: DBI connect('dbname=dbfile/pastey_bin.sqlite','',...) failed: unable to open database file at /home/avocado/perl5/lib/perl5/DBIx/Class/Storage/DBI.pm line 1517. at /icyavocado/pastey/bin/../lib/Pastey.pm line 33 in /usr/share/perl5/Dancer2/Core/App.pm l. 1473
[pastey:24321] error @2018-12-03 18:59:19> Route exception: DBIx::Class::Storage::DBI::catch {...} (): DBI Connection failed: DBI connect('dbname=dbfile/pastey_bin.sqlite','',...) failed: unable to open database file at /home/avocado/perl5/lib/perl5/DBIx/Class/Storage/DBI.pm line 1517. at /icyavocado/pastey/bin/../lib/Pastey.pm line 33 in /usr/share/perl5/Dancer2/Core/App.pm l. 1473
[pastey:24319] error @2018-12-03 18:59:28> Route exception: DBIx::Class::Storage::DBI::catch {...} (): DBI Connection failed: DBI connect('dbname=dbfile/pastey_bin.sqlite','',...) failed: unable to open database file at /home/avocado/perl5/lib/perl5/DBIx/Class/Storage/DBI.pm line 1517. at /icyavocado/pastey/bin/../lib/Pastey.pm line 71 in /usr/share/perl5/Dancer2/Core/App.pm l. 1473
[pastey:24322] error @2018-12-03 18:59:56> Route exception: DBIx::Class::Storage::DBI::catch {...} (): DBI Connection failed: DBI connect('dbname=dbfile/pastey_bin.sqlite','',...) failed: unable to open database file at /home/avocado/perl5/lib/perl5/DBIx/Class/Storage/DBI.pm line 1517. at /icyavocado/pastey/bin/../lib/Pastey.pm line 33 in /usr/share/perl5/Dancer2/Core/App.pm l. 1473
[pastey:24320] error @2018-12-03 18:59:57> Route exception: DBIx::Class::Storage::DBI::catch {...} (): DBI Connection failed: DBI connect('dbname=dbfile/pastey_bin.sqlite','',...) failed: unable to open database file at /home/avocado/perl5/lib/perl5/DBIx/Class/Storage/DBI.pm line 1517. at /icyavocado/pastey/bin/../lib/Pastey.pm line 33 in /usr/share/perl5/Dancer2/Core/App.pm l. 1473
[pastey:24321] error @2018-12-03 18:59:57> Route exception: DBIx::Class::Storage::DBI::catch {...} (): DBI Connection failed: DBI connect('dbname=dbfile/pastey_bin.sqlite','',...) failed: unable to open database file at /home/avocado/perl5/lib/perl5/DBIx/Class/Storage/DBI.pm line 1517. at /icyavocado/pastey/bin/../lib/Pastey.pm line 33 in /usr/share/perl5/Dancer2/Core/App.pm l. 1473
2018/12/03-19:05:34 Server closing!
Process Backgrounded
2018/12/03-20:54:44 Starman::Server (type Net::Server::PreFork) starting! pid(21663)
Resolved [*]:8080 to [0.0.0.0]:8080, IPv4
Binding to TCP port 8080 on host 0.0.0.0 with IPv4
Setting gid to "1001 1001 27 1001"
[pastey:21665] error @2018-12-03 20:54:53> Route exception: DBIx::Class::Storage::DBI::catch {...} (): DBI Connection failed: DBI connect('dbname=dbfile/pastey_bin.sqlite','',...) failed: unable to open database file at /usr/local/share/perl/5.26.1/DBIx/Class/Storage/DBI.pm line 1517. at /icyavocado/pastey/bin/../lib/Pastey.pm line 34 in /usr/share/perl5/Dancer2/Core/App.pm l. 1473
[pastey:21664] error @2018-12-03 20:54:54> Route exception: DBIx::Class::Storage::DBI::catch {...} (): DBI Connection failed: DBI connect('dbname=dbfile/pastey_bin.sqlite','',...) failed: unable to open database file at /usr/local/share/perl/5.26.1/DBIx/Class/Storage/DBI.pm line 1517. at /icyavocado/pastey/bin/../lib/Pastey.pm line 34 in /usr/share/perl5/Dancer2/Core/App.pm l. 1473
[pastey:21667] error @2018-12-03 20:54:54> Route exception: DBIx::Class::Storage::DBI::catch {...} (): DBI Connection failed: DBI connect('dbname=dbfile/pastey_bin.sqlite','',...) failed: unable to open database file at /usr/local/share/perl/5.26.1/DBIx/Class/Storage/DBI.pm line 1517. at /icyavocado/pastey/bin/../lib/Pastey.pm line 34 in /usr/share/perl5/Dancer2/Core/App.pm l. 1473
[pastey:21668] error @2018-12-03 20:54:55> Route exception: DBIx::Class::Storage::DBI::catch {...} (): DBI Connection failed: DBI connect('dbname=dbfile/pastey_bin.sqlite','',...) failed: unable to open database file at /usr/local/share/perl/5.26.1/DBIx/Class/Storage/DBI.pm line 1517. at /icyavocado/pastey/bin/../lib/Pastey.pm line 34 in /usr/share/perl5/Dancer2/Core/App.pm l. 1473
[pastey:21666] error @2018-12-03 20:55:03> Route exception: DBIx::Class::Storage::DBI::catch {...} (): DBI Connection failed: DBI connect('dbname=dbfile/pastey_bin.sqlite','',...) failed: unable to open database file at /usr/local/share/perl/5.26.1/DBIx/Class/Storage/DBI.pm line 1517. at /icyavocado/pastey/bin/../lib/Pastey.pm line 34 in /usr/share/perl5/Dancer2/Core/App.pm l. 1473
[pastey:21665] error @2018-12-03 20:55:04> Route exception: DBIx::Class::Storage::DBI::catch {...} (): DBI Connection failed: DBI connect('dbname=dbfile/pastey_bin.sqlite','',...) failed: unable to open database file at /usr/local/share/perl/5.26.1/DBIx/Class/Storage/DBI.pm line 1517. at /icyavocado/pastey/bin/../lib/Pastey.pm line 34 in /usr/share/perl5/Dancer2/Core/App.pm l. 1473
[pastey:21664] error @2018-12-03 20:56:56> Route exception: DBIx::Class::Storage::DBI::catch {...} (): DBI Connection failed: DBI connect('dbname=dbfile/pastey_bin.sqlite','',...) failed: unable to open database file at /usr/local/share/perl/5.26.1/DBIx/Class/Storage/DBI.pm line 1517. at /icyavocado/pastey/bin/../lib/Pastey.pm line 34 in /usr/share/perl5/Dancer2/Core/App.pm l. 1473
[pastey:21667] error @2018-12-03 20:56:57> Route exception: DBIx::Class::Storage::DBI::catch {...} (): DBI Connection failed: DBI connect('dbname=dbfile/pastey_bin.sqlite','',...) failed: unable to open database file at /usr/local/share/perl/5.26.1/DBIx/Class/Storage/DBI.pm line 1517. at /icyavocado/pastey/bin/../lib/Pastey.pm line 34 in /usr/share/perl5/Dancer2/Core/App.pm l. 1473
[pastey:21668] error @2018-12-03 20:56:57> Route exception: DBIx::Class::Storage::DBI::catch {...} (): DBI Connection failed: DBI connect('dbname=dbfile/pastey_bin.sqlite','',...) failed: unable to open database file at /usr/local/share/perl/5.26.1/DBIx/Class/Storage/DBI.pm line 1517. at /icyavocado/pastey/bin/../lib/Pastey.pm line 34 in /usr/share/perl5/Dancer2/Core/App.pm l. 1473
[pastey:21666] error @2018-12-03 20:56:57> Route exception: DBIx::Class::Storage::DBI::catch {...} (): DBI Connection failed: DBI connect('dbname=dbfile/pastey_bin.sqlite','',...) failed: unable to open database file at /usr/local/share/perl/5.26.1/DBIx/Class/Storage/DBI.pm line 1517. at /icyavocado/pastey/bin/../lib/Pastey.pm line 34 in /usr/share/perl5/Dancer2/Core/App.pm l. 1473
2018/12/03-20:57:16 Server closing!
Process Backgrounded
2018/12/03-20:57:20 Starman::Server (type Net::Server::PreFork) starting! pid(21736)
Resolved [*]:8080 to [0.0.0.0]:8080, IPv4
Binding to TCP port 8080 on host 0.0.0.0 with IPv4
Setting gid to "1001 1001 27 1001"
[pastey:21738] error @2018-12-03 20:57:27> Route exception: DBIx::Class::Storage::DBI::catch {...} (): DBI Connection failed: DBI connect('dbname=dbfile/pastey_bin.sqlite','',...) failed: unable to open database file at /usr/local/share/perl/5.26.1/DBIx/Class/Storage/DBI.pm line 1517. at /icyavocado/pastey/bin/../lib/Pastey.pm line 34 in /usr/share/perl5/Dancer2/Core/App.pm l. 1473
[pastey:21740] error @2018-12-03 20:57:27> Route exception: DBIx::Class::Storage::DBI::catch {...} (): DBI Connection failed: DBI connect('dbname=dbfile/pastey_bin.sqlite','',...) failed: unable to open database file at /usr/local/share/perl/5.26.1/DBIx/Class/Storage/DBI.pm line 1517. at /icyavocado/pastey/bin/../lib/Pastey.pm line 34 in /usr/share/perl5/Dancer2/Core/App.pm l. 1473
[pastey:21739] error @2018-12-03 20:57:27> Route exception: DBIx::Class::Storage::DBI::catch {...} (): DBI Connection failed: DBI connect('dbname=dbfile/pastey_bin.sqlite','',...) failed: unable to open database file at /usr/local/share/perl/5.26.1/DBIx/Class/Storage/DBI.pm line 1517. at /icyavocado/pastey/bin/../lib/Pastey.pm line 34 in /usr/share/perl5/Dancer2/Core/App.pm l. 1473
2018/12/03-20:58:31 Server closing!
Process Backgrounded
2018/12/03-20:58:35 Starman::Server (type Net::Server::PreFork) starting! pid(21773)
Resolved [*]:8080 to [0.0.0.0]:8080, IPv4
Binding to TCP port 8080 on host 0.0.0.0 with IPv4
Setting gid to "1001 1001 27 1001"
